<?xml version="1.0" encoding="UTF-8"?>
<testsuite name="epam.epamgymappeurekaserver.EpamGymAppEurekaServerApplicationTests" tests="1" skipped="0" failures="0" errors="0" timestamp="2025-06-09T14:05:22.667Z" hostname="Abdulaxads-Apple-M1-Max.local" time="0.409">
  <properties/>
  <testcase name="contextLoads()" classname="epam.epamgymappeurekaserver.EpamGymAppEurekaServerApplicationTests" time="0.409"/>
  <system-out><![CDATA[19:05:20.861 [Test worker] INFO org.springframework.test.context.support.AnnotationConfigContextLoaderUtils -- Could not detect default configuration classes for test class [epam.epamgymappeurekaserver.EpamGymAppEurekaServerApplicationTests]: EpamGymAppEurekaServerApplicationTests does not declare any static, non-private, non-final, nested classes annotated with @Configuration.
19:05:20.907 [Test worker] INFO org.springframework.boot.test.context.SpringBootTestContextBootstrapper -- Found @SpringBootConfiguration epam.epamgymappeurekaserver.EpamGymAppEurekaServerApplication for test class epam.epamgymappeurekaserver.EpamGymAppEurekaServerApplicationTests

  .   ____          _            __ _ _
 /\\ / ___'_ __ _ _(_)_ __  __ _ \ \ \ \
( ( )\___ | '_ | '_| | '_ \/ _` | \ \ \ \
 \\/  ___)| |_)| | | | | || (_| |  ) ) ) )
  '  |____| .__|_| |_|_| |_\__, | / / / /
 =========|_|==============|___/=/_/_/_/

 :: Spring Boot ::                (v3.4.6)

2025-06-09T19:05:21.237+05:00  INFO 45336 --- [epam-gym-app-eureka-server] [    Test worker] e.EpamGymAppEurekaServerApplicationTests : Starting EpamGymAppEurekaServerApplicationTests using Java 17.0.14 with PID 45336 (started by epam in /Users/epam/Desktop/road/epam-gym-crm/epam-gym-app-eureka-service)
2025-06-09T19:05:21.238+05:00  INFO 45336 --- [epam-gym-app-eureka-server] [    Test worker] e.EpamGymAppEurekaServerApplicationTests : No active profile set, falling back to 1 default profile: "default"
2025-06-09T19:05:21.755+05:00  INFO 45336 --- [epam-gym-app-eureka-server] [    Test worker] o.s.cloud.context.scope.GenericScope     : BeanFactory id=52f0c785-32d8-36ff-89c3-c08420daba09
2025-06-09T19:05:21.999+05:00  INFO 45336 --- [epam-gym-app-eureka-server] [    Test worker] o.s.v.b.OptionalValidatorFactoryBean     : Failed to set up a Bean Validation provider: jakarta.validation.NoProviderFoundException: Unable to create a Configuration, because no Jakarta Bean Validation provider could be found. Add a provider like Hibernate Validator (RI) to your classpath.
2025-06-09T19:05:22.375+05:00  WARN 45336 --- [epam-gym-app-eureka-server] [    Test worker] iguration$LoadBalancerCaffeineWarnLogger : Spring Cloud LoadBalancer is currently working with the default cache. While this cache implementation is useful for development and tests, it's recommended to use Caffeine cache in production.You can switch to using Caffeine cache, by adding it and org.springframework.cache.caffeine.CaffeineCacheManager to the classpath.
2025-06-09T19:05:22.486+05:00  INFO 45336 --- [epam-gym-app-eureka-server] [    Test worker] o.s.c.n.eureka.InstanceInfoFactory       : Setting initial instance status as: STARTING
2025-06-09T19:05:22.496+05:00  INFO 45336 --- [epam-gym-app-eureka-server] [    Test worker] com.netflix.discovery.DiscoveryClient    : Initializing Eureka in region us-east-1
2025-06-09T19:05:22.496+05:00  INFO 45336 --- [epam-gym-app-eureka-server] [    Test worker] com.netflix.discovery.DiscoveryClient    : Client configured to neither register nor query for data.
2025-06-09T19:05:22.497+05:00  INFO 45336 --- [epam-gym-app-eureka-server] [    Test worker] com.netflix.discovery.DiscoveryClient    : Discovery Client initialized at timestamp 1749477922497 with initial instances count: 0
2025-06-09T19:05:22.521+05:00  INFO 45336 --- [epam-gym-app-eureka-server] [    Test worker] c.n.eureka.DefaultEurekaServerContext    : Initializing ...
2025-06-09T19:05:22.523+05:00  WARN 45336 --- [epam-gym-app-eureka-server] [    Test worker] c.n.eureka.cluster.PeerEurekaNodes       : The replica size seems to be empty. Check the route 53 DNS Registry
2025-06-09T19:05:22.530+05:00  INFO 45336 --- [epam-gym-app-eureka-server] [    Test worker] c.n.e.registry.AbstractInstanceRegistry  : Finished initializing remote region registries. All known remote regions: []
2025-06-09T19:05:22.531+05:00  INFO 45336 --- [epam-gym-app-eureka-server] [    Test worker] c.n.eureka.DefaultEurekaServerContext    : Initialized
2025-06-09T19:05:22.594+05:00  INFO 45336 --- [epam-gym-app-eureka-server] [    Test worker] o.s.b.a.e.web.EndpointLinksResolver      : Exposing 1 endpoint beneath base path '/actuator'
2025-06-09T19:05:22.621+05:00  INFO 45336 --- [epam-gym-app-eureka-server] [    Test worker] o.s.c.n.e.s.EurekaServiceRegistry        : Registering application EPAM-GYM-APP-EUREKA-SERVER with eureka with status UP
2025-06-09T19:05:22.627+05:00  INFO 45336 --- [epam-gym-app-eureka-server] [      Thread-12] o.s.c.n.e.server.EurekaServerBootstrap   : isAws returned false
2025-06-09T19:05:22.627+05:00  INFO 45336 --- [epam-gym-app-eureka-server] [      Thread-12] o.s.c.n.e.server.EurekaServerBootstrap   : Initialized server context
2025-06-09T19:05:22.627+05:00  INFO 45336 --- [epam-gym-app-eureka-server] [      Thread-12] c.n.e.r.PeerAwareInstanceRegistryImpl    : Got 1 instances from neighboring DS node
2025-06-09T19:05:22.627+05:00  INFO 45336 --- [epam-gym-app-eureka-server] [      Thread-12] c.n.e.r.PeerAwareInstanceRegistryImpl    : Renew threshold is: 1
2025-06-09T19:05:22.627+05:00  INFO 45336 --- [epam-gym-app-eureka-server] [      Thread-12] c.n.e.r.PeerAwareInstanceRegistryImpl    : Changing status to UP
2025-06-09T19:05:22.628+05:00  INFO 45336 --- [epam-gym-app-eureka-server] [      Thread-12] e.s.EurekaServerInitializerConfiguration : Started Eureka Server
2025-06-09T19:05:22.638+05:00  INFO 45336 --- [epam-gym-app-eureka-server] [    Test worker] e.EpamGymAppEurekaServerApplicationTests : Started EpamGymAppEurekaServerApplicationTests in 1.562 seconds (process running for 2.21)
]]></system-out>
  <system-err><![CDATA[]]></system-err>
</testsuite>
