<?xml version="1.0" encoding="UTF-8"?>
<testsuite name="epam.mapper.TraineeMapperTest" tests="2" skipped="0" failures="0" errors="0" timestamp="2025-06-09T14:14:17.208Z" hostname="Abdulaxads-Apple-M1-Max.local" time="0.048">
  <properties/>
  <testcase name="instance_ShouldNotBeNull()" classname="epam.mapper.TraineeMapperTest" time="0.044"/>
  <testcase name="shouldMapRegisterTraineeRequestDTOToTrainee()" classname="epam.mapper.TraineeMapperTest" time="0.004"/>
  <system-out><![CDATA[]]></system-out>
  <system-err><![CDATA[]]></system-err>
</testsuite>
