<?xml version="1.0" encoding="UTF-8"?>
<testsuite name="epam.entity.TrainingTest" tests="10" skipped="0" failures="0" errors="0" timestamp="2025-06-09T14:14:22.628Z" hostname="Abdulaxads-Apple-M1-Max.local" time="0.036">
  <properties/>
  <testcase name="testTrainingInequality()" classname="epam.entity.TrainingTest" time="0.004"/>
  <testcase name="testTrainingEquality()" classname="epam.entity.TrainingTest" time="0.006"/>
  <testcase name="testTrainingHandlesNullTrainee()" classname="epam.entity.TrainingTest" time="0.003"/>
  <testcase name="testTrainingHandlesNullTrainer()" classname="epam.entity.TrainingTest" time="0.003"/>
  <testcase name="testTrainingCreation()" classname="epam.entity.TrainingTest" time="0.003"/>
  <testcase name="testTrainingHandlesNegativeDuration()" classname="epam.entity.TrainingTest" time="0.002"/>
  <testcase name="testTrainingHandlesFutureDate()" classname="epam.entity.TrainingTest" time="0.003"/>
  <testcase name="testTrainingHandlesNullTrainingType()" classname="epam.entity.TrainingTest" time="0.003"/>
  <testcase name="testTrainingHandlesNullName()" classname="epam.entity.TrainingTest" time="0.002"/>
  <testcase name="testTrainingHandlesZeroDuration()" classname="epam.entity.TrainingTest" time="0.002"/>
  <system-out><![CDATA[]]></system-out>
  <system-err><![CDATA[]]></system-err>
</testsuite>
