<?xml version="1.0" encoding="UTF-8"?>
<testsuite name="epam.dto.response_dto.RegisterTraineeResponseDTOTest" tests="2" skipped="0" failures="0" errors="0" timestamp="2025-06-09T14:14:19.856Z" hostname="Abdulaxads-Apple-M1-Max.local" time="0.002">
  <properties/>
  <testcase name="testValidRegisterTraineeResponse()" classname="epam.dto.response_dto.RegisterTraineeResponseDTOTest" time="0.001"/>
  <testcase name="testRegisterTraineeResponseWithGeneratedData()" classname="epam.dto.response_dto.RegisterTraineeResponseDTOTest" time="0.001"/>
  <system-out><![CDATA[]]></system-out>
  <system-err><![CDATA[]]></system-err>
</testsuite>
