<?xml version="1.0" encoding="UTF-8"?>
<testsuite name="epam.controller.TraineeControllerTest" tests="5" skipped="0" failures="0" errors="0" timestamp="2025-06-09T14:14:22.823Z" hostname="Abdulaxads-Apple-M1-Max.local" time="0.003">
  <properties/>
  <testcase name="getTrainingByUsername_ShouldReturnTrainingList()" classname="epam.controller.TraineeControllerTest" time="0.0"/>
  <testcase name="update_ShouldReturnUpdatedTrainee()" classname="epam.controller.TraineeControllerTest" time="0.0"/>
  <testcase name="delete_ShouldReturnOkStatus()" classname="epam.controller.TraineeControllerTest" time="0.0"/>
  <testcase name="getTraineeProfile_ShouldReturnTraineeResponse()" classname="epam.controller.TraineeControllerTest" time="0.0"/>
  <testcase name="updateTraineeStatus_ShouldReturnOkStatus()" classname="epam.controller.TraineeControllerTest" time="0.001"/>
  <system-out><![CDATA[]]></system-out>
  <system-err><![CDATA[]]></system-err>
</testsuite>
