<?xml version="1.0" encoding="UTF-8"?>
<testsuite name="epam.exception.ExceptionMessageTest" tests="4" skipped="0" failures="0" errors="0" timestamp="2025-06-09T14:14:20.076Z" hostname="Abdulaxads-Apple-M1-Max.local" time="0.003">
  <properties/>
  <testcase name="testToString()" classname="epam.exception.ExceptionMessageTest" time="0.002"/>
  <testcase name="testBuilder()" classname="epam.exception.ExceptionMessageTest" time="0.0"/>
  <testcase name="testAllArgsConstructor()" classname="epam.exception.ExceptionMessageTest" time="0.0"/>
  <testcase name="testNoArgsConstructorAndSetters()" classname="epam.exception.ExceptionMessageTest" time="0.001"/>
  <system-out><![CDATA[]]></system-out>
  <system-err><![CDATA[]]></system-err>
</testsuite>
