<?xml version="1.0" encoding="UTF-8"?>
<testsuite name="epam.controller.TrainerControllerTest" tests="6" skipped="0" failures="0" errors="0" timestamp="2025-06-09T14:14:22.230Z" hostname="Abdulaxads-Apple-M1-Max.local" time="0.05">
  <properties/>
  <testcase name="testGetTrainerProfile_ShouldReturnTrainerResponseDTO()" classname="epam.controller.TrainerControllerTest" time="0.038"/>
  <testcase name="testUpdateTrainer_ShouldReturnUpdatedTrainerResponseDTO()" classname="epam.controller.TrainerControllerTest" time="0.002"/>
  <testcase name="testUpdateTrainerStatus_ShouldReturnOk()" classname="epam.controller.TrainerControllerTest" time="0.004"/>
  <testcase name="testGetTrainerTrainings_ShouldReturnEmptyList()" classname="epam.controller.TrainerControllerTest" time="0.001"/>
  <testcase name="testGetTrainerTrainings_ShouldReturnTrainingList()" classname="epam.controller.TrainerControllerTest" time="0.004"/>
  <testcase name="testDeleteTrainer_ShouldReturnNoContent()" classname="epam.controller.TrainerControllerTest" time="0.001"/>
  <system-out><![CDATA[]]></system-out>
  <system-err><![CDATA[]]></system-err>
</testsuite>
