<?xml version="1.0" encoding="UTF-8"?>
<testsuite name="epam.dto.request_dto.RegisterTraineeRequestDTOTest" tests="5" skipped="0" failures="0" errors="0" timestamp="2025-06-09T14:14:17.065Z" hostname="Abdulaxads-Apple-M1-Max.local" time="0.143">
  <properties/>
  <testcase name="testMissingDateOfBirth()" classname="epam.dto.request_dto.RegisterTraineeRequestDTOTest" time="0.117"/>
  <testcase name="testNullUserObject()" classname="epam.dto.request_dto.RegisterTraineeRequestDTOTest" time="0.006"/>
  <testcase name="testBlankAddress()" classname="epam.dto.request_dto.RegisterTraineeRequestDTOTest" time="0.006"/>
  <testcase name="testValidTraineeRequest()" classname="epam.dto.request_dto.RegisterTraineeRequestDTOTest" time="0.006"/>
  <testcase name="testFutureDateOfBirth()" classname="epam.dto.request_dto.RegisterTraineeRequestDTOTest" time="0.006"/>
  <system-out><![CDATA[]]></system-out>
  <system-err><![CDATA[]]></system-err>
</testsuite>
