<?xml version="1.0" encoding="UTF-8"?>
<testsuite name="epam.util.PasswordGeneratorTest" tests="4" skipped="0" failures="0" errors="0" timestamp="2025-06-09T14:14:22.667Z" hostname="Abdulaxads-Apple-M1-Max.local" time="0.154">
  <properties/>
  <testcase name="testGeneratedPasswordNotNullOrEmpty()" classname="epam.util.PasswordGeneratorTest" time="0.0"/>
  <testcase name="testGeneratedPasswordLength()" classname="epam.util.PasswordGeneratorTest" time="0.0"/>
  <testcase name="testBCryptEncodingAndMatching()" classname="epam.util.PasswordGeneratorTest" time="0.153"/>
  <testcase name="testGeneratedPasswordsAreRandom()" classname="epam.util.PasswordGeneratorTest" time="0.0"/>
  <system-out><![CDATA[]]></system-out>
  <system-err><![CDATA[]]></system-err>
</testsuite>
