<?xml version="1.0" encoding="UTF-8"?>
<testsuite name="epam.controller.AuthenticationControllerTest" tests="6" skipped="0" failures="0" errors="0" timestamp="2025-06-09T14:14:17.258Z" hostname="Abdulaxads-Apple-M1-Max.local" time="0.045">
  <properties/>
  <testcase name="testCreateTrainer_ShouldReturnOkResponse()" classname="epam.controller.AuthenticationControllerTest" time="0.038"/>
  <testcase name="testCreateTrainee_ShouldReturnOkResponse()" classname="epam.controller.AuthenticationControllerTest" time="0.001"/>
  <testcase name="testLogout_ShouldReturnNoContent()" classname="epam.controller.AuthenticationControllerTest" time="0.002"/>
  <testcase name="testRefreshToken_ShouldReturnOkResponse()" classname="epam.controller.AuthenticationControllerTest" time="0.001"/>
  <testcase name="testChangePassword_ShouldReturnAccepted()" classname="epam.controller.AuthenticationControllerTest" time="0.001"/>
  <testcase name="testAuthenticateTraining_ShouldReturnOkResponse()" classname="epam.controller.AuthenticationControllerTest" time="0.001"/>
  <system-out><![CDATA[]]></system-out>
  <system-err><![CDATA[]]></system-err>
</testsuite>
