<?xml version="1.0" encoding="UTF-8"?>
<testsuite name="epam.aop.MetricsAspectTest" tests="1" skipped="0" failures="0" errors="0" timestamp="2025-06-09T14:14:23.272Z" hostname="Abdulaxads-Apple-M1-Max.local" time="0.131">
  <properties/>
  <testcase name="testCounter()" classname="epam.aop.MetricsAspectTest" time="0.131"/>
  <system-out><![CDATA[]]></system-out>
  <system-err><![CDATA[]]></system-err>
</testsuite>
