<?xml version="1.0" encoding="UTF-8"?>
<testsuite name="epam.service.JwtServiceTest" tests="9" skipped="0" failures="0" errors="0" timestamp="2025-06-09T14:14:20.080Z" hostname="Abdulaxads-Apple-M1-Max.local" time="0.076">
  <properties/>
  <testcase name="shouldReturnFalseForBlacklistedToken()" classname="epam.service.JwtServiceTest" time="0.061"/>
  <testcase name="shouldGenerateAndValidateAccessTokenSuccessfully()" classname="epam.service.JwtServiceTest" time="0.003"/>
  <testcase name="shouldExtractAllClaimsSuccessfully()" classname="epam.service.JwtServiceTest" time="0.002"/>
  <testcase name="shouldDetectTokenExpirationCorrectly()" classname="epam.service.JwtServiceTest" time="0.001"/>
  <testcase name="shouldThrowExceptionForInvalidAuthorizationHeader()" classname="epam.service.JwtServiceTest" time="0.001"/>
  <testcase name="shouldGenerateAndValidateRefreshTokenSuccessfully()" classname="epam.service.JwtServiceTest" time="0.002"/>
  <testcase name="shouldExtractTokenTypeCorrectly()" classname="epam.service.JwtServiceTest" time="0.001"/>
  <testcase name="shouldExtractUsernameCorrectly()" classname="epam.service.JwtServiceTest" time="0.001"/>
  <testcase name="shouldThrowInvalidTokenTypeWhenBlacklistingAccessToken()" classname="epam.service.JwtServiceTest" time="0.002"/>
  <system-out><![CDATA[]]></system-out>
  <system-err><![CDATA[]]></system-err>
</testsuite>
