<?xml version="1.0" encoding="UTF-8"?>
<testsuite name="epam.aop.LoggingAspectTest" tests="5" skipped="0" failures="0" errors="0" timestamp="2025-06-09T14:14:19.970Z" hostname="Abdulaxads-Apple-M1-Max.local" time="0.105">
  <properties/>
  <testcase name="testLogRequest()" classname="epam.aop.LoggingAspectTest" time="0.1"/>
  <testcase name="testLogRepositoryMethod()" classname="epam.aop.LoggingAspectTest" time="0.001"/>
  <testcase name="testLogServiceMethod()" classname="epam.aop.LoggingAspectTest" time="0.001"/>
  <testcase name="testLogAfterSuccess()" classname="epam.aop.LoggingAspectTest" time="0.001"/>
  <testcase name="testLogExceptions()" classname="epam.aop.LoggingAspectTest" time="0.001"/>
  <system-out><![CDATA[]]></system-out>
  <system-err><![CDATA[]]></system-err>
</testsuite>
