<?xml version="1.0" encoding="UTF-8"?>
<testsuite name="epam.controller.TrainerWorkloadControllerTest" tests="2" skipped="0" failures="0" errors="0" timestamp="2025-06-09T14:14:23.254Z" hostname="Abdulaxads-Apple-M1-Max.local" time="0.002">
  <properties/>
  <testcase name="testGetTrainerWorkloadSummary_ReturnsMessageWhenNull()" classname="epam.controller.TrainerWorkloadControllerTest" time="0.001"/>
  <testcase name="testGetTrainerWorkloadSummary_ReturnsData()" classname="epam.controller.TrainerWorkloadControllerTest" time="0.001"/>
  <system-out><![CDATA[]]></system-out>
  <system-err><![CDATA[]]></system-err>
</testsuite>
