<?xml version="1.0" encoding="UTF-8"?>
<testsuite name="epam.service.TrainingTypeServiceTest" tests="3" skipped="0" failures="0" errors="0" timestamp="2025-06-09T14:14:19.756Z" hostname="Abdulaxads-Apple-M1-Max.local" time="0.096">
  <properties/>
  <testcase name="testGetTrainingByTrainingName_Success()" classname="epam.service.TrainingTypeServiceTest" time="0.088"/>
  <testcase name="testFindAllTrainingTypes()" classname="epam.service.TrainingTypeServiceTest" time="0.004"/>
  <testcase name="testGetTrainingByTrainingName_NotFound()" classname="epam.service.TrainingTypeServiceTest" time="0.004"/>
  <system-out><![CDATA[]]></system-out>
  <system-err><![CDATA[]]></system-err>
</testsuite>
