<?xml version="1.0" encoding="UTF-8"?>
<testsuite name="epam.service.UserServiceTest" tests="6" skipped="0" failures="0" errors="0" timestamp="2025-06-09T14:14:16.720Z" hostname="Abdulaxads-Apple-M1-Max.local" time="0.08">
  <properties/>
  <testcase name="existsByUsername_shouldReturnTrue_whenUsernameExists()" classname="epam.service.UserServiceTest" time="0.07"/>
  <testcase name="findByUsername_shouldReturnEmpty_whenUserDoesNotExist()" classname="epam.service.UserServiceTest" time="0.002"/>
  <testcase name="findByUsername_shouldReturnUser_whenUserExists()" classname="epam.service.UserServiceTest" time="0.002"/>
  <testcase name="existsByUsernameAndPassword_shouldReturnFalse_whenUserDoesNotExist()" classname="epam.service.UserServiceTest" time="0.002"/>
  <testcase name="existsByUsernameAndPassword_shouldReturnTrue_whenUserExists()" classname="epam.service.UserServiceTest" time="0.001"/>
  <testcase name="existsByUsername_shouldReturnFalse_whenUsernameDoesNotExist()" classname="epam.service.UserServiceTest" time="0.0"/>
  <system-out><![CDATA[]]></system-out>
  <system-err><![CDATA[]]></system-err>
</testsuite>
