<?xml version="1.0" encoding="UTF-8"?>
<testsuite name="epam.service.TrainerTraineeServiceTest" tests="5" skipped="0" failures="0" errors="0" timestamp="2025-06-09T14:14:16.801Z" hostname="Abdulaxads-Apple-M1-Max.local" time="0.22">
  <properties/>
  <testcase name="assignTrainerToTrainee_shouldAssignSuccessfully()" classname="epam.service.TrainerTraineeServiceTest" time="0.176"/>
  <testcase name="getAllNotAssignedTrainers_shouldReturnMappedList()" classname="epam.service.TrainerTraineeServiceTest" time="0.037"/>
  <testcase name="assignTrainerToTrainee_shouldThrowIfAlreadyAssigned()" classname="epam.service.TrainerTraineeServiceTest" time="0.002"/>
  <testcase name="getAllNotAssignedTrainers_shouldThrowWhenTraineeNotFound()" classname="epam.service.TrainerTraineeServiceTest" time="0.001"/>
  <testcase name="updateTraineeTrainer_shouldReplaceAssignments()" classname="epam.service.TrainerTraineeServiceTest" time="0.003"/>
  <system-out><![CDATA[]]></system-out>
  <system-err><![CDATA[]]></system-err>
</testsuite>
