<?xml version="1.0" encoding="UTF-8"?>
<testsuite name="epam.entity.TrainingTypeTest" tests="5" skipped="0" failures="0" errors="0" timestamp="2025-06-09T14:14:23.252Z" hostname="Abdulaxads-Apple-M1-Max.local" time="0.001">
  <properties/>
  <testcase name="testTrainingTypeInequality()" classname="epam.entity.TrainingTypeTest" time="0.0"/>
  <testcase name="testTrainingTypeEquality()" classname="epam.entity.TrainingTypeTest" time="0.0"/>
  <testcase name="testTrainingTypeHandlesEmptyDescription()" classname="epam.entity.TrainingTypeTest" time="0.0"/>
  <testcase name="testTrainingTypeCreation()" classname="epam.entity.TrainingTypeTest" time="0.0"/>
  <testcase name="testTrainingTypeHandlesNullDescription()" classname="epam.entity.TrainingTypeTest" time="0.0"/>
  <system-out><![CDATA[]]></system-out>
  <system-err><![CDATA[]]></system-err>
</testsuite>
