<?xml version="1.0" encoding="UTF-8"?>
<testsuite name="epam.configuration.RedisTemplateTest" tests="7" skipped="0" failures="0" errors="0" timestamp="2025-06-09T14:14:23.196Z" hostname="Abdulaxads-Apple-M1-Max.local" time="0.055">
  <properties/>
  <testcase name="testSetAndGetValue_NotExpired()" classname="epam.configuration.RedisTemplateTest" time="0.001"/>
  <testcase name="testGetValue_Expired()" classname="epam.configuration.RedisTemplateTest" time="0.014"/>
  <testcase name="testRedisEntry_ExpiryLogic()" classname="epam.configuration.RedisTemplateTest" time="0.013"/>
  <testcase name="testCleanUpExpiredEntries_RemovesOnlyExpired()" classname="epam.configuration.RedisTemplateTest" time="0.013"/>
  <testcase name="testHasKey_KeyDoesNotExist()" classname="epam.configuration.RedisTemplateTest" time="0.0"/>
  <testcase name="testHasKey_KeyExistsAndNotExpired()" classname="epam.configuration.RedisTemplateTest" time="0.0"/>
  <testcase name="testHasKey_KeyExpired()" classname="epam.configuration.RedisTemplateTest" time="0.013"/>
  <system-out><![CDATA[]]></system-out>
  <system-err><![CDATA[]]></system-err>
</testsuite>
