<?xml version="1.0" encoding="UTF-8"?>
<testsuite name="epam.dto.response_dto.RegisterTrainerResponseDTOTest" tests="2" skipped="0" failures="0" errors="0" timestamp="2025-06-09T14:14:17.303Z" hostname="Abdulaxads-Apple-M1-Max.local" time="0.011">
  <properties/>
  <testcase name="testValidRegisterTrainerResponse()" classname="epam.dto.response_dto.RegisterTrainerResponseDTOTest" time="0.002"/>
  <testcase name="testRegisterTrainerResponseWithGeneratedData()" classname="epam.dto.response_dto.RegisterTrainerResponseDTOTest" time="0.009"/>
  <system-out><![CDATA[]]></system-out>
  <system-err><![CDATA[]]></system-err>
</testsuite>
