<?xml version="1.0" encoding="UTF-8"?>
<testsuite name="epam.entity.TrainerTest" tests="4" skipped="0" failures="0" errors="0" timestamp="2025-06-09T14:14:22.912Z" hostname="Abdulaxads-Apple-M1-Max.local" time="0.037">
  <properties/>
  <testcase name="testTrainerNotEqual()" classname="epam.entity.TrainerTest" time="0.033"/>
  <testcase name="testTrainerCreation()" classname="epam.entity.TrainerTest" time="0.002"/>
  <testcase name="testTrainerEquality()" classname="epam.entity.TrainerTest" time="0.0"/>
  <testcase name="testUpdatingTrainerDetails()" classname="epam.entity.TrainerTest" time="0.001"/>
  <system-out><![CDATA[]]></system-out>
  <system-err><![CDATA[]]></system-err>
</testsuite>
