<?xml version="1.0" encoding="UTF-8"?>
<testsuite name="epam.security.JwtAuthenticationFilterTest" tests="5" skipped="0" failures="0" errors="0" timestamp="2025-06-09T14:14:19.610Z" hostname="Abdulaxads-Apple-M1-Max.local" time="0.145">
  <properties/>
  <testcase name="shouldNotAuthenticateWhenUsernameIsNull()" classname="epam.security.JwtAuthenticationFilterTest" time="0.134"/>
  <testcase name="shouldInvokeEntryPointOnInvalidToken()" classname="epam.security.JwtAuthenticationFilterTest" time="0.003"/>
  <testcase name="shouldNotAuthenticateWhenNoAuthorizationHeader()" classname="epam.security.JwtAuthenticationFilterTest" time="0.002"/>
  <testcase name="shouldSkipFilteringForRefreshTokenEndpoint()" classname="epam.security.JwtAuthenticationFilterTest" time="0.002"/>
  <testcase name="shouldAuthenticateWhenValidTokenProvided()" classname="epam.security.JwtAuthenticationFilterTest" time="0.002"/>
  <system-out><![CDATA[]]></system-out>
  <system-err><![CDATA[]]></system-err>
</testsuite>
