<?xml version="1.0" encoding="UTF-8"?>
<testsuite name="epam.service.TrainerServiceTest" tests="13" skipped="0" failures="0" errors="0" timestamp="2025-06-09T14:14:22.282Z" hostname="Abdulaxads-Apple-M1-Max.local" time="0.094">
  <properties/>
  <testcase name="testDeleteTrainer_TrainerNotFound()" classname="epam.service.TrainerServiceTest" time="0.072"/>
  <testcase name="createTrainer_shouldSaveAndReturnResponse()" classname="epam.service.TrainerServiceTest" time="0.001"/>
  <testcase name="testGetTrainerByUsername_Success()" classname="epam.service.TrainerServiceTest" time="0.001"/>
  <testcase name="getTrainerByUsername_shouldReturnDTO_whenFound()" classname="epam.service.TrainerServiceTest" time="0.001"/>
  <testcase name="updateTrainerStatus_shouldUpdate_whenFound()" classname="epam.service.TrainerServiceTest" time="0.001"/>
  <testcase name="testGetTrainerTrainings_TrainerNotFound()" classname="epam.service.TrainerServiceTest" time="0.001"/>
  <testcase name="getTrainerByUsername_shouldThrowException_whenNotFound()" classname="epam.service.TrainerServiceTest" time="0.001"/>
  <testcase name="updateTrainerStatus_shouldThrowException_whenNotFound()" classname="epam.service.TrainerServiceTest" time="0.001"/>
  <testcase name="testCreateTrainer_ShouldReturnResponse()" classname="epam.service.TrainerServiceTest" time="0.002"/>
  <testcase name="testGetTrainerByUsername_TrainerNotFound()" classname="epam.service.TrainerServiceTest" time="0.001"/>
  <testcase name="updateTrainer_shouldThrowException_whenTrainerNotFound()" classname="epam.service.TrainerServiceTest" time="0.003"/>
  <testcase name="updateTrainer_shouldUpdateAndReturnDTO()" classname="epam.service.TrainerServiceTest" time="0.003"/>
  <testcase name="testUpdateTrainerStatus_TrainerNotFound()" classname="epam.service.TrainerServiceTest" time="0.003"/>
  <system-out><![CDATA[]]></system-out>
  <system-err><![CDATA[]]></system-err>
</testsuite>
