<?xml version="1.0" encoding="UTF-8"?>
<testsuite name="epam.service.UserDetailsServiceTest" tests="2" skipped="0" failures="0" errors="0" timestamp="2025-06-09T14:14:22.226Z" hostname="Abdulaxads-Apple-M1-Max.local" time="0.003">
  <properties/>
  <testcase name="loadUserByUsername_shouldThrowException_whenUserNotFound()" classname="epam.service.UserDetailsServiceTest" time="0.001"/>
  <testcase name="loadUserByUsername_shouldReturnUserDetails_whenUserExists()" classname="epam.service.UserDetailsServiceTest" time="0.001"/>
  <system-out><![CDATA[]]></system-out>
  <system-err><![CDATA[]]></system-err>
</testsuite>
