<?xml version="1.0" encoding="UTF-8"?>
<testsuite name="epam.mapper.UserMapperTest" tests="2" skipped="0" failures="0" errors="0" timestamp="2025-06-09T14:14:23.419Z" hostname="Abdulaxads-Apple-M1-Max.local" time="0.001">
  <properties/>
  <testcase name="testToUser()" classname="epam.mapper.UserMapperTest" time="0.0"/>
  <testcase name="testToUserResponseDTO()" classname="epam.mapper.UserMapperTest" time="0.001"/>
  <system-out><![CDATA[]]></system-out>
  <system-err><![CDATA[]]></system-err>
</testsuite>
