<?xml version="1.0" encoding="UTF-8"?>
<testsuite name="epam.service.TraineeServiceTest" tests="10" skipped="0" failures="0" errors="0" timestamp="2025-06-09T14:14:17.315Z" hostname="Abdulaxads-Apple-M1-Max.local" time="0.118">
  <properties/>
  <testcase name="shouldCreateTraineeSuccessfully()" classname="epam.service.TraineeServiceTest" time="0.099"/>
  <testcase name="shouldUpdateTraineeSuccessfully()" classname="epam.service.TraineeServiceTest" time="0.003"/>
  <testcase name="shouldThrowWhenGettingTrainingsForNonExistingTrainee()" classname="epam.service.TraineeServiceTest" time="0.002"/>
  <testcase name="shouldGetTraineeProfileSuccessfully()" classname="epam.service.TraineeServiceTest" time="0.001"/>
  <testcase name="shouldUpdateTraineeStatusSuccessfully()" classname="epam.service.TraineeServiceTest" time="0.001"/>
  <testcase name="shouldThrowWhenDeletingNonExistingTrainee()" classname="epam.service.TraineeServiceTest" time="0.002"/>
  <testcase name="shouldThrowWhenUpdatingStatusForNonExistingTrainee()" classname="epam.service.TraineeServiceTest" time="0.002"/>
  <testcase name="shouldGetTraineeTrainingsSuccessfully()" classname="epam.service.TraineeServiceTest" time="0.002"/>
  <testcase name="shouldThrowWhenTraineeNotFoundInUpdate()" classname="epam.service.TraineeServiceTest" time="0.002"/>
  <testcase name="shouldDeleteTraineeSuccessfully()" classname="epam.service.TraineeServiceTest" time="0.002"/>
  <system-out><![CDATA[]]></system-out>
  <system-err><![CDATA[]]></system-err>
</testsuite>
