<?xml version="1.0" encoding="UTF-8"?>
<testsuite name="epam.mapper.TrainingTypeMapperTest" tests="4" skipped="0" failures="0" errors="0" timestamp="2025-06-09T14:14:22.397Z" hostname="Abdulaxads-Apple-M1-Max.local" time="0.002">
  <properties/>
  <testcase name="testToTrainingType_FromRegisterTrainerRequestDTO()" classname="epam.mapper.TrainingTypeMapperTest" time="0.001"/>
  <testcase name="testToTrainingType_FromNullString()" classname="epam.mapper.TrainingTypeMapperTest" time="0.0"/>
  <testcase name="testToTrainingTypeResponseDTO()" classname="epam.mapper.TrainingTypeMapperTest" time="0.001"/>
  <testcase name="testToTrainingType_FromString()" classname="epam.mapper.TrainingTypeMapperTest" time="0.0"/>
  <system-out><![CDATA[]]></system-out>
  <system-err><![CDATA[]]></system-err>
</testsuite>
