<?xml version="1.0" encoding="UTF-8"?>
<testsuite name="epam.service.TrainingServiceTest" tests="7" skipped="0" failures="0" errors="0" timestamp="2025-06-09T14:14:22.826Z" hostname="Abdulaxads-Apple-M1-Max.local" time="0.085">
  <properties/>
  <testcase name="testCreateTraining_ShouldThrowTrainerNotFoundException()" classname="epam.service.TrainingServiceTest" time="0.075"/>
  <testcase name="testCreateTraining_ShouldThrowTraineeNotFoundException()" classname="epam.service.TrainingServiceTest" time="0.002"/>
  <testcase name="testCreateTraining_ShouldReturnTrainingResponseDTO()" classname="epam.service.TrainingServiceTest" time="0.001"/>
  <testcase name="testDeleteTraining_WithInvalidId_ShouldThrowException()" classname="epam.service.TrainingServiceTest" time="0.003"/>
  <testcase name="testDeleteTraining_WithValidId_ShouldReturnSuccessMessage()" classname="epam.service.TrainingServiceTest" time="0.002"/>
  <testcase name="testGetTrainerTrainings_ShouldReturnList()" classname="epam.service.TrainingServiceTest" time="0.0"/>
  <testcase name="testDeleteTraining_ByEntity_ShouldSucceed()" classname="epam.service.TrainingServiceTest" time="0.002"/>
  <system-out><![CDATA[2025-06-09T19:14:22.904+05:00  INFO 51102 --- [epam-gym-app-main-service] [    Test worker] epam.service.impl.TrainingServiceImpl    : Trainer workload response on ADD: TrainerWorkloadResponseDTO(trainerUsername=null, trainerFirstName=null, trainerLastName=null, trainingDate=null, trainingDuration=null)
2025-06-09T19:14:22.908+05:00  INFO 51102 --- [epam-gym-app-main-service] [    Test worker] epam.service.impl.TrainingServiceImpl    : Trainer workload response on DELETE: TrainerWorkloadResponseDTO(trainerUsername=null, trainerFirstName=null, trainerLastName=null, trainingDate=null, trainingDuration=null)
2025-06-09T19:14:22.911+05:00  INFO 51102 --- [epam-gym-app-main-service] [    Test worker] epam.service.impl.TrainingServiceImpl    : Trainer workload response on DELETE: TrainerWorkloadResponseDTO(trainerUsername=null, trainerFirstName=null, trainerLastName=null, trainingDate=null, trainingDuration=null)
]]></system-out>
  <system-err><![CDATA[]]></system-err>
</testsuite>
