<?xml version="1.0" encoding="UTF-8"?>
<testsuite name="epam.dto.request_dto.ChangePasswordRequestDTOTest" tests="7" skipped="0" failures="0" errors="0" timestamp="2025-06-09T14:14:22.377Z" hostname="Abdulaxads-Apple-M1-Max.local" time="0.02">
  <properties/>
  <testcase name="testLongOldPassword()" classname="epam.dto.request_dto.ChangePasswordRequestDTOTest" time="0.003"/>
  <testcase name="testNullNewPassword()" classname="epam.dto.request_dto.ChangePasswordRequestDTOTest" time="0.003"/>
  <testcase name="testValidChangePasswordRequest()" classname="epam.dto.request_dto.ChangePasswordRequestDTOTest" time="0.002"/>
  <testcase name="testNullOldPassword()" classname="epam.dto.request_dto.ChangePasswordRequestDTOTest" time="0.002"/>
  <testcase name="testShortNewPassword()" classname="epam.dto.request_dto.ChangePasswordRequestDTOTest" time="0.002"/>
  <testcase name="testLongNewPassword()" classname="epam.dto.request_dto.ChangePasswordRequestDTOTest" time="0.003"/>
  <testcase name="testShortOldPassword()" classname="epam.dto.request_dto.ChangePasswordRequestDTOTest" time="0.003"/>
  <system-out><![CDATA[]]></system-out>
  <system-err><![CDATA[]]></system-err>
</testsuite>
