<?xml version="1.0" encoding="UTF-8"?>
<testsuite name="epam.controller.TrainingTypeControllerTest" tests="2" skipped="0" failures="0" errors="0" timestamp="2025-06-09T14:14:22.608Z" hostname="Abdulaxads-Apple-M1-Max.local" time="0.003">
  <properties/>
  <testcase name="testGetTrainingTypes_ShouldReturnListOfTrainingTypes()" classname="epam.controller.TrainingTypeControllerTest" time="0.002"/>
  <testcase name="testGetTrainingTypes_ShouldReturnEmptyList()" classname="epam.controller.TrainingTypeControllerTest" time="0.001"/>
  <system-out><![CDATA[]]></system-out>
  <system-err><![CDATA[]]></system-err>
</testsuite>
