<?xml version="1.0" encoding="UTF-8"?>
<testsuite name="epam.entity.TrainerTraineeTest" tests="4" skipped="0" failures="0" errors="0" timestamp="2025-06-09T14:14:22.612Z" hostname="Abdulaxads-Apple-M1-Max.local" time="0.013">
  <properties/>
  <testcase name="testEmbeddedId()" classname="epam.entity.TrainerTraineeTest" time="0.003"/>
  <testcase name="testTrainerAssociation()" classname="epam.entity.TrainerTraineeTest" time="0.005"/>
  <testcase name="testEntityCreation()" classname="epam.entity.TrainerTraineeTest" time="0.002"/>
  <testcase name="testTraineeAssociation()" classname="epam.entity.TrainerTraineeTest" time="0.003"/>
  <system-out><![CDATA[]]></system-out>
  <system-err><![CDATA[]]></system-err>
</testsuite>
