<?xml version="1.0" encoding="UTF-8"?>
<testsuite name="epam.service.BruteForceProtectionServiceTest" tests="4" skipped="0" failures="0" errors="0" timestamp="2025-06-09T14:14:22.665Z" hostname="Abdulaxads-Apple-M1-Max.local" time="0.001">
  <properties/>
  <testcase name="isBlocked_shouldUnblockAfterDuration()" classname="epam.service.BruteForceProtectionServiceTest" time="0.001"/>
  <testcase name="loginSucceeded_shouldResetAttemptsAndUnblock()" classname="epam.service.BruteForceProtectionServiceTest" time="0.0"/>
  <testcase name="shouldUnblockUserAfterBlockDurationExpires()" classname="epam.service.BruteForceProtectionServiceTest" time="0.0"/>
  <testcase name="loginFailed_shouldIncreaseAttemptAndBlockAtMaxAttempts()" classname="epam.service.BruteForceProtectionServiceTest" time="0.0"/>
  <system-out><![CDATA[]]></system-out>
  <system-err><![CDATA[]]></system-err>
</testsuite>
